<?xml version="1.0" encoding="UTF-8"?>
<!-- Generated by org.testng.reporters.JUnitReportReporter -->
<testsuite hostname="SDET-LT92" failures="0" tests="2" name="Day1_RestAssured.HTTPRequests" time="3.050" errors="0" timestamp="2024-10-06T17:24:14 IST" skipped="0">
  <testcase classname="Day1_RestAssured.HTTPRequests" name="getuser" time="2.321"/>
  <system-out/>
  <testcase classname="Day1_RestAssured.HTTPRequests" name="createuser" time="0.729"/>
  <system-out/>
</testsuite> <!-- Day1_RestAssured.HTTPRequests -->
